<?xml version="1.0" encoding="UTF-8"?>
<testsuites name="api-test" tests="1" time="0.000">
  <testsuite name="get merchant" id="1756a1da-3623-4f1d-87cd-b00df99e231d" timestamp="2024-05-03T10:18:50.489Z" tests="0" failures="0" errors="2" time="0.000">
    <system-err><![CDATA[Iteration: 0
RequestError: Error: connect ECONNREFUSED 127.0.0.1:3000
    at TCPConnectWrap.afterConnect [as oncomplete] (node:net:1606:16)

---
testScriptError: "undefined" is not valid JSON
---
]]></system-err>
  </testsuite>
</testsuites>