<?xml version="1.0" encoding="UTF-8"?>
<testsuites name="api-test" tests="1" time="0.108">
  <testsuite name="get merchant" id="2f94705d-5ea4-4f30-a6e8-ee99ec7b57a7" timestamp="2024-05-03T10:47:10.567Z" tests="7" failures="0" errors="0" time="0.108">
    <testcase name="Status code is 200" time="0.108" classname="ApiTest"/>
    <testcase name="id User คนแรก" time="0.108" classname="ApiTest"/>
    <testcase name="ชื่อ User คนแรก" time="0.108" classname="ApiTest"/>
    <testcase name="email User คนแรก" time="0.108" classname="ApiTest"/>
    <testcase name="id User คนสอง" time="0.108" classname="ApiTest"/>
    <testcase name="ชื่อ User คนสอง" time="0.108" classname="ApiTest"/>
    <testcase name="email User คนสอง" time="0.108" classname="ApiTest"/>
  </testsuite>
</testsuites>